<?xml version="1.0" encoding="UTF-8" ?>
<testsuite skipped="0" tests="5" failures="0" errors="0" name="com.github.kkckkc.syntaxpane.parse.AbstractCharProviderTest" time="0.004">
  <properties>
[...]
</properties>
  <testcase classname="com.github.kkckkc.syntaxpane.parse.AbstractCharProviderTest" name="testFindNotFound" time="0.002"/>
  <testcase classname="com.github.kkckkc.syntaxpane.parse.AbstractCharProviderTest" name="testFindNotFoundShortString" time="0"/>
  <testcase classname="com.github.kkckkc.syntaxpane.parse.AbstractCharProviderTest" name="testFindNotFoundEmptyString" time="0"/>
  <testcase classname="com.github.kkckkc.syntaxpane.parse.AbstractCharProviderTest" name="testFindFirst" time="0"/>
  <testcase classname="com.github.kkckkc.syntaxpane.parse.AbstractCharProviderTest" name="testFindLast" time="0"/>
</testsuite>